# JRE version: OpenJDK Runtime Environment Temurin-21.0.12.1+1 (21.0.12.1+1) (build 21.0.12.1+1-LTS)
# Java VM: OpenJDK 64-Bit Server VM Temurin-21.0.12.1+1 (21.0.12.1+1-LTS, mixed mode, sharing, tiered, compressed oops, compressed class ptrs, parallel gc, windows-amd64)
GC Precious Log:
 CardTable entry size: 512
 CPUs: 4 total, 4 available
 Memory: 3870M
 Large Page Support: Disabled
 NUMA Support: Disabled
 Compressed Oops: Enabled (32-bit)
 Alignments: Space 512K, Generation 512K, Heap 2M
 Heap Min Capacity: 100M
 Heap Initial Capacity: 100M
 Heap Max Capacity: 2G
 Pre-touch: Disabled
 Parallel Workers: 4
Heap:
 PSYoungGen      total 4096K, used 4077K [0x00000000d5580000, 0x00000000d5a80000, 0x0000000100000000)
  eden space 3072K, 100% used [0x00000000d5580000,0x00000000d5880000,0x00000000d5880000)
  from space 1024K, 98% used [0x00000000d5980000,0x00000000d5a7b610,0x00000000d5a80000)
  to   space 1024K, 0% used [0x00000000d5880000,0x00000000d5880000,0x00000000d5980000)
 ParOldGen       total 148480K, used 132262K [0x0000000080000000, 0x0000000089100000, 0x00000000d5580000)
  object space 148480K, 89% used [0x0000000080000000,0x0000000088129bc8,0x0000000089100000)
 Metaspace       used 56570K, committed 57920K, reserved 1114112K
  class space    used 5965K, committed 6592K, reserved 1048576K
GC Heap History (20 events):
Event: 166.210 GC heap before
{Heap before GC invocations=122 (full 2):
 PSYoungGen      total 4096K, used 3681K [0x00000000d5580000, 0x00000000d5a80000, 0x0000000100000000)
  eden space 3072K, 100% used [0x00000000d5580000,0x00000000d5880000,0x00000000d5880000)
  from space 1024K, 59% used [0x00000000d5880000,0x00000000d5918658,0x00000000d5980000)
  to   space 1024K, 0% used [0x00000000d5980000,0x00000000d5980000,0x00000000d5a80000)
 ParOldGen       total 144384K, used 144336K [0x0000000080000000, 0x0000000088d00000, 0x00000000d5580000)
  object space 144384K, 99% used [0x0000000080000000,0x0000000088cf4030,0x0000000088d00000)
 Metaspace       used 56538K, committed 57856K, reserved 1114112K
  class space    used 5965K, committed 6592K, reserved 1048576K
}
Event: 166.217 GC heap after
{Heap after GC invocations=122 (full 2):
 PSYoungGen      total 4096K, used 679K [0x00000000d5580000, 0x00000000d5a80000, 0x0000000100000000)
  eden space 3072K, 0% used [0x00000000d5580000,0x00000000d5580000,0x00000000d5880000)
  from space 1024K, 66% used [0x00000000d5980000,0x00000000d5a29fd8,0x00000000d5a80000)
  to   space 1024K, 0% used [0x00000000d5880000,0x00000000d5880000,0x00000000d5980000)
 ParOldGen       total 145408K, used 144902K [0x0000000080000000, 0x0000000088e00000, 0x00000000d5580000)
  object space 145408K, 99% used [0x0000000080000000,0x0000000088d81ba8,0x0000000088e00000)
 Metaspace       used 56538K, committed 57856K, reserved 1114112K
  class space    used 5965K, committed 6592K, reserved 1048576K
}
Event: 166.928 GC heap before
{Heap before GC invocations=123 (full 2):
 PSYoungGen      total 4096K, used 3751K [0x00000000d5580000, 0x00000000d5a80000, 0x0000000100000000)
  eden space 3072K, 100% used [0x00000000d5580000,0x00000000d5880000,0x00000000d5880000)
  from space 1024K, 66% used [0x00000000d5980000,0x00000000d5a29fd8,0x00000000d5a80000)
  to   space 1024K, 0% used [0x00000000d5880000,0x00000000d5880000,0x00000000d5980000)
 ParOldGen       total 145408K, used 144902K [0x0000000080000000, 0x0000000088e00000, 0x00000000d5580000)
  object space 145408K, 99% used [0x0000000080000000,0x0000000088d81ba8,0x0000000088e00000)
 Metaspace       used 56538K, committed 57856K, reserved 1114112K
  class space    used 5965K, committed 6592K, reserved 1048576K
}
Event: 166.931 GC heap after
{Heap after GC invocations=123 (full 2):
 PSYoungGen      total 4096K, used 685K [0x00000000d5580000, 0x00000000d5a80000, 0x0000000100000000)
  eden space 3072K, 0% used [0x00000000d5580000,0x00000000d5580000,0x00000000d5880000)
  from space 1024K, 66% used [0x00000000d5880000,0x00000000d592b4a8,0x00000000d5980000)
  to   space 1024K, 0% used [0x00000000d5980000,0x00000000d5980000,0x00000000d5a80000)
 ParOldGen       total 145920K, used 145517K [0x0000000080000000, 0x0000000088e80000, 0x00000000d5580000)
  object space 145920K, 99% used [0x0000000080000000,0x0000000088e1b5a0,0x0000000088e80000)
 Metaspace       used 56538K, committed 57856K, reserved 1114112K
  class space    used 5965K, committed 6592K, reserved 1048576K
}
Event: 167.545 GC heap before
{Heap before GC invocations=124 (full 2):
 PSYoungGen      total 4096K, used 3757K [0x00000000d5580000, 0x00000000d5a80000, 0x0000000100000000)
  eden space 3072K, 100% used [0x00000000d5580000,0x00000000d5880000,0x00000000d5880000)
  from space 1024K, 66% used [0x00000000d5880000,0x00000000d592b4a8,0x00000000d5980000)
  to   space 1024K, 0% used [0x00000000d5980000,0x00000000d5980000,0x00000000d5a80000)
 ParOldGen       total 145920K, used 145517K [0x0000000080000000, 0x0000000088e80000, 0x00000000d5580000)
  object space 145920K, 99% used [0x0000000080000000,0x0000000088e1b5a0,0x0000000088e80000)
 Metaspace       used 56538K, committed 57856K, reserved 1114112K
  class space    used 5965K, committed 6592K, reserved 1048576K
}
Event: 167.549 GC heap after
{Heap after GC invocations=124 (full 2):
 PSYoungGen      total 4096K, used 659K [0x00000000d5580000, 0x00000000d5a80000, 0x0000000100000000)
  eden space 3072K, 0% used [0x00000000d5580000,0x00000000d5580000,0x00000000d5880000)
  from space 1024K, 64% used [0x00000000d5980000,0x00000000d5a24eb0,0x00000000d5a80000)
  to   space 1024K, 0% used [0x00000000d5880000,0x00000000d5880000,0x00000000d5980000)
 ParOldGen       total 146432K, used 146126K [0x0000000080000000, 0x0000000088f00000, 0x00000000d5580000)
  object space 146432K, 99% used [0x0000000080000000,0x0000000088eb3a00,0x0000000088f00000)
 Metaspace       used 56538K, committed 57856K, reserved 1114112K
  class space    used 5965K, committed 6592K, reserved 1048576K
}
Event: 167.928 GC heap before
{Heap before GC invocations=125 (full 2):
 PSYoungGen      total 4096K, used 3731K [0x00000000d5580000, 0x00000000d5a80000, 0x0000000100000000)
  eden space 3072K, 100% used [0x00000000d5580000,0x00000000d5880000,0x00000000d5880000)
  from space 1024K, 64% used [0x00000000d5980000,0x00000000d5a24eb0,0x00000000d5a80000)
  to   space 1024K, 0% used [0x00000000d5880000,0x00000000d5880000,0x00000000d5980000)
 ParOldGen       total 146432K, used 146126K [0x0000000080000000, 0x0000000088f00000, 0x00000000d5580000)
  object space 146432K, 99% used [0x0000000080000000,0x0000000088eb3a00,0x0000000088f00000)
 Metaspace       used 56552K, committed 57856K, reserved 1114112K
  class space    used 5965K, committed 6592K, reserved 1048576K
}
Event: 167.932 GC heap after
{Heap after GC invocations=125 (full 2):
 PSYoungGen      total 4096K, used 662K [0x00000000d5580000, 0x00000000d5a80000, 0x0000000100000000)
  eden space 3072K, 0% used [0x00000000d5580000,0x00000000d5580000,0x00000000d5880000)
  from space 1024K, 64% used [0x00000000d5880000,0x00000000d5925970,0x00000000d5980000)
  to   space 1024K, 0% used [0x00000000d5980000,0x00000000d5980000,0x00000000d5a80000)
 ParOldGen       total 146944K, used 146698K [0x0000000080000000, 0x0000000088f80000, 0x00000000d5580000)
  object space 146944K, 99% used [0x0000000080000000,0x0000000088f42ba8,0x0000000088f80000)
 Metaspace       used 56552K, committed 57856K, reserved 1114112K
  class space    used 5965K, committed 6592K, reserved 1048576K
}
Event: 168.225 GC heap before
{Heap before GC invocations=126 (full 2):
 PSYoungGen      total 4096K, used 3734K [0x00000000d5580000, 0x00000000d5a80000, 0x0000000100000000)
  eden space 3072K, 100% used [0x00000000d5580000,0x00000000d5880000,0x00000000d5880000)
  from space 1024K, 64% used [0x00000000d5880000,0x00000000d5925970,0x00000000d5980000)
  to   space 1024K, 0% used [0x00000000d5980000,0x00000000d5980000,0x00000000d5a80000)
 ParOldGen       total 146944K, used 146698K [0x0000000080000000, 0x0000000088f80000, 0x00000000d5580000)
  object space 146944K, 99% used [0x0000000080000000,0x0000000088f42ba8,0x0000000088f80000)
 Metaspace       used 56553K, committed 57920K, reserved 1114112K
  class space    used 5965K, committed 6592K, reserved 1048576K
}
Event: 168.228 GC heap after
{Heap after GC invocations=126 (full 2):
 PSYoungGen      total 4096K, used 610K [0x00000000d5580000, 0x00000000d5a80000, 0x0000000100000000)
  eden space 3072K, 0% used [0x00000000d5580000,0x00000000d5580000,0x00000000d5880000)
  from space 1024K, 59% used [0x00000000d5980000,0x00000000d5a188a0,0x00000000d5a80000)
  to   space 1024K, 0% used [0x00000000d5880000,0x00000000d5880000,0x00000000d5980000)
 ParOldGen       total 147456K, used 147307K [0x0000000080000000, 0x0000000089000000, 0x00000000d5580000)
  object space 147456K, 99% used [0x0000000080000000,0x0000000088fdae00,0x0000000089000000)
 Metaspace       used 56553K, committed 57920K, reserved 1114112K
  class space    used 5965K, committed 6592K, reserved 1048576K
}
Event: 168.645 GC heap before
{Heap before GC invocations=127 (full 2):
 PSYoungGen      total 4096K, used 3682K [0x00000000d5580000, 0x00000000d5a80000, 0x0000000100000000)
  eden space 3072K, 100% used [0x00000000d5580000,0x00000000d5880000,0x00000000d5880000)
  from space 1024K, 59% used [0x00000000d5980000,0x00000000d5a188a0,0x00000000d5a80000)
  to   space 1024K, 0% used [0x00000000d5880000,0x00000000d5880000,0x00000000d5980000)
 ParOldGen       total 147456K, used 147307K [0x0000000080000000, 0x0000000089000000, 0x00000000d5580000)
  object space 147456K, 99% used [0x0000000080000000,0x0000000088fdae00,0x0000000089000000)
 Metaspace       used 56555K, committed 57920K, reserved 1114112K
  class space    used 5965K, committed 6592K, reserved 1048576K
}
Event: 168.648 GC heap after
{Heap after GC invocations=127 (full 2):
 PSYoungGen      total 4096K, used 667K [0x00000000d5580000, 0x00000000d5a80000, 0x0000000100000000)
  eden space 3072K, 0% used [0x00000000d5580000,0x00000000d5580000,0x00000000d5880000)
  from space 1024K, 65% used [0x00000000d5880000,0x00000000d5926f70,0x00000000d5980000)
  to   space 1024K, 0% used [0x00000000d5980000,0x00000000d5980000,0x00000000d5a80000)
 ParOldGen       total 147968K, used 147890K [0x0000000080000000, 0x0000000089080000, 0x00000000d5580000)
  object space 147968K, 99% used [0x0000000080000000,0x000000008906cbe8,0x0000000089080000)
 Metaspace       used 56555K, committed 57920K, reserved 1114112K
  class space    used 5965K, committed 6592K, reserved 1048576K
}
Event: 169.341 GC heap before
{Heap before GC invocations=128 (full 2):
 PSYoungGen      total 4096K, used 3739K [0x00000000d5580000, 0x00000000d5a80000, 0x0000000100000000)
  eden space 3072K, 100% used [0x00000000d5580000,0x00000000d5880000,0x00000000d5880000)
  from space 1024K, 65% used [0x00000000d5880000,0x00000000d5926f70,0x00000000d5980000)
  to   space 1024K, 0% used [0x00000000d5980000,0x00000000d5980000,0x00000000d5a80000)
 ParOldGen       total 147968K, used 147890K [0x0000000080000000, 0x0000000089080000, 0x00000000d5580000)
  object space 147968K, 99% used [0x0000000080000000,0x000000008906cbe8,0x0000000089080000)
 Metaspace       used 56570K, committed 57920K, reserved 1114112K
  class space    used 5965K, committed 6592K, reserved 1048576K
}
Event: 169.347 GC heap after
{Heap after GC invocations=128 (full 2):
 PSYoungGen      total 4096K, used 3739K [0x00000000d5580000, 0x00000000d5a80000, 0x0000000100000000)
  eden space 3072K, 100% used [0x00000000d5580000,0x00000000d5880000,0x00000000d5880000)
  from space 1024K, 65% used [0x00000000d5880000,0x00000000d5926f70,0x00000000d5980000)
  to   space 1024K, 55% used [0x00000000d5980000,0x00000000d5a0dc40,0x00000000d5a80000)
 ParOldGen       total 148480K, used 148295K [0x0000000080000000, 0x0000000089100000, 0x00000000d5580000)
  object space 148480K, 99% used [0x0000000080000000,0x00000000890d1f08,0x0000000089100000)
 Metaspace       used 56570K, committed 57920K, reserved 1114112K
  class space    used 5965K, committed 6592K, reserved 1048576K
}
Event: 169.347 GC heap before
{Heap before GC invocations=129 (full 3):
 PSYoungGen      total 4096K, used 3739K [0x00000000d5580000, 0x00000000d5a80000, 0x0000000100000000)
  eden space 3072K, 100% used [0x00000000d5580000,0x00000000d5880000,0x00000000d5880000)
  from space 1024K, 65% used [0x00000000d5880000,0x00000000d5926f70,0x00000000d5980000)
  to   space 1024K, 55% used [0x00000000d5980000,0x00000000d5a0dc40,0x00000000d5a80000)
 ParOldGen       total 148480K, used 148295K [0x0000000080000000, 0x0000000089100000, 0x00000000d5580000)
  object space 148480K, 99% used [0x0000000080000000,0x00000000890d1f08,0x0000000089100000)
 Metaspace       used 56570K, committed 57920K, reserved 1114112K
  class space    used 5965K, committed 6592K, reserved 1048576K
}
Event: 172.223 GC heap after
{Heap after GC invocations=129 (full 3):
 PSYoungGen      total 4096K, used 0K [0x00000000d5580000, 0x00000000d5a80000, 0x0000000100000000)
  eden space 3072K, 0% used [0x00000000d5580000,0x00000000d5580000,0x00000000d5880000)
  from space 1024K, 0% used [0x00000000d5980000,0x00000000d5980000,0x00000000d5a80000)
  to   space 1024K, 0% used [0x00000000d5880000,0x00000000d5880000,0x00000000d5980000)
 ParOldGen       total 148480K, used 132038K [0x0000000080000000, 0x0000000089100000, 0x00000000d5580000)
  object space 148480K, 88% used [0x0000000080000000,0x00000000880f1bf8,0x0000000089100000)
 Metaspace       used 56570K, committed 57920K, reserved 1114112K
  class space    used 5965K, committed 6592K, reserved 1048576K
}
Event: 172.644 GC heap before
{Heap before GC invocations=130 (full 3):
 PSYoungGen      total 4096K, used 3072K [0x00000000d5580000, 0x00000000d5a80000, 0x0000000100000000)
  eden space 3072K, 100% used [0x00000000d5580000,0x00000000d5880000,0x00000000d5880000)
  from space 1024K, 0% used [0x00000000d5980000,0x00000000d5980000,0x00000000d5a80000)
  to   space 1024K, 0% used [0x00000000d5880000,0x00000000d5880000,0x00000000d5980000)
 ParOldGen       total 148480K, used 132038K [0x0000000080000000, 0x0000000089100000, 0x00000000d5580000)
  object space 148480K, 88% used [0x0000000080000000,0x00000000880f1bf8,0x0000000089100000)
 Metaspace       used 56570K, committed 57920K, reserved 1114112K
  class space    used 5965K, committed 6592K, reserved 1048576K
}
Event: 172.647 GC heap after
{Heap after GC invocations=130 (full 3):
 PSYoungGen      total 4096K, used 697K [0x00000000d5580000, 0x00000000d5a80000, 0x0000000100000000)
  eden space 3072K, 0% used [0x00000000d5580000,0x00000000d5580000,0x00000000d5880000)
  from space 1024K, 68% used [0x00000000d5880000,0x00000000d592e578,0x00000000d5980000)
  to   space 1024K, 0% used [0x00000000d5980000,0x00000000d5980000,0x00000000d5a80000)
 ParOldGen       total 148480K, used 132038K [0x0000000080000000, 0x0000000089100000, 0x00000000d5580000)
  object space 148480K, 88% used [0x0000000080000000,0x00000000880f1bf8,0x0000000089100000)
 Metaspace       used 56570K, committed 57920K, reserved 1114112K
  class space    used 5965K, committed 6592K, reserved 1048576K
}
Event: 172.909 GC heap before
{Heap before GC invocations=131 (full 3):
 PSYoungGen      total 4096K, used 3769K [0x00000000d5580000, 0x00000000d5a80000, 0x0000000100000000)
  eden space 3072K, 100% used [0x00000000d5580000,0x00000000d5880000,0x00000000d5880000)
  from space 1024K, 68% used [0x00000000d5880000,0x00000000d592e578,0x00000000d5980000)
  to   space 1024K, 0% used [0x00000000d5980000,0x00000000d5980000,0x00000000d5a80000)
 ParOldGen       total 148480K, used 132038K [0x0000000080000000, 0x0000000089100000, 0x00000000d5580000)
  object space 148480K, 88% used [0x0000000080000000,0x00000000880f1bf8,0x0000000089100000)
 Metaspace       used 56570K, committed 57920K, reserved 1114112K
  class space    used 5965K, committed 6592K, reserved 1048576K
}
Event: 172.923 GC heap after
{Heap after GC invocations=131 (full 3):
 PSYoungGen      total 4096K, used 1005K [0x00000000d5580000, 0x00000000d5a80000, 0x0000000100000000)
  eden space 3072K, 0% used [0x00000000d5580000,0x00000000d5580000,0x00000000d5880000)
  from space 1024K, 98% used [0x00000000d5980000,0x00000000d5a7b610,0x00000000d5a80000)
  to   space 1024K, 0% used [0x00000000d5880000,0x00000000d5880000,0x00000000d5980000)
 ParOldGen       total 148480K, used 132262K [0x0000000080000000, 0x0000000089100000, 0x00000000d5580000)
  object space 148480K, 89% used [0x0000000080000000,0x0000000088129bc8,0x0000000089100000)
 Metaspace       used 56570K, committed 57920K, reserved 1114112K
  class space    used 5965K, committed 6592K, reserved 1048576K
}

